Started GET "/" for ::1 at 2021-02-04 16:39:27 -0800

ActiveRecord::NoDatabaseError - FATAL:  database "beachBnB_development" does not exist:

Started POST "/__better_errors/56942c4328423c8b/variables" for ::1 at 2021-02-04 16:39:28 -0800
  [1m[35m (219.8ms)[0m  [1m[35mCREATE DATABASE "beachBnB_development" ENCODING = 'unicode'[0m
  ↳ bin/rails:9
  [1m[35m (143.1ms)[0m  [1m[35mCREATE DATABASE "beachBnB_test" ENCODING = 'unicode'[0m
  ↳ bin/rails:9
  [1m[35m (1.2ms)[0m  [1m[35mCREATE DATABASE "beachBnB_development" ENCODING = 'unicode'[0m
  ↳ bin/rails:9
  [1m[35m (1.2ms)[0m  [1m[35mCREATE DATABASE "beachBnB_test" ENCODING = 'unicode'[0m
  ↳ bin/rails:9
Started GET "/" for ::1 at 2021-02-04 16:40:29 -0800
Processing by Rails::WelcomeController#index as HTML
  Rendering /Users/edwinhong/.rbenv/versions/2.5.1/lib/ruby/gems/2.5.0/gems/railties-5.2.4.4/lib/rails/templates/rails/welcome/index.html.erb
  Rendered /Users/edwinhong/.rbenv/versions/2.5.1/lib/ruby/gems/2.5.0/gems/railties-5.2.4.4/lib/rails/templates/rails/welcome/index.html.erb (3.8ms)
Completed 200 OK in 27ms (Views: 19.2ms | ActiveRecord: 0.0ms)


Started GET "/" for ::1 at 2021-02-04 16:40:36 -0800
Processing by Rails::WelcomeController#index as HTML
  Rendering /Users/edwinhong/.rbenv/versions/2.5.1/lib/ruby/gems/2.5.0/gems/railties-5.2.4.4/lib/rails/templates/rails/welcome/index.html.erb
  Rendered /Users/edwinhong/.rbenv/versions/2.5.1/lib/ruby/gems/2.5.0/gems/railties-5.2.4.4/lib/rails/templates/rails/welcome/index.html.erb (8.9ms)
Completed 200 OK in 41ms (Views: 27.0ms | ActiveRecord: 0.0ms)


Started GET "/" for ::1 at 2021-02-04 16:45:38 -0800
Processing by Rails::WelcomeController#index as HTML
  Rendering /Users/edwinhong/.rbenv/versions/2.5.1/lib/ruby/gems/2.5.0/gems/railties-5.2.4.4/lib/rails/templates/rails/welcome/index.html.erb
  Rendered /Users/edwinhong/.rbenv/versions/2.5.1/lib/ruby/gems/2.5.0/gems/railties-5.2.4.4/lib/rails/templates/rails/welcome/index.html.erb (2.4ms)
Completed 200 OK in 19ms (Views: 9.2ms | ActiveRecord: 0.0ms)


Started GET "/" for ::1 at 2021-02-04 16:45:58 -0800
Processing by Rails::WelcomeController#index as HTML
  Rendering /Users/edwinhong/.rbenv/versions/2.5.1/lib/ruby/gems/2.5.0/gems/railties-5.2.4.4/lib/rails/templates/rails/welcome/index.html.erb
  Rendered /Users/edwinhong/.rbenv/versions/2.5.1/lib/ruby/gems/2.5.0/gems/railties-5.2.4.4/lib/rails/templates/rails/welcome/index.html.erb (2.0ms)
Completed 200 OK in 22ms (Views: 10.1ms | ActiveRecord: 0.0ms)


Started GET "/" for ::1 at 2021-02-04 16:46:00 -0800
Processing by Rails::WelcomeController#index as HTML
  Rendering /Users/edwinhong/.rbenv/versions/2.5.1/lib/ruby/gems/2.5.0/gems/railties-5.2.4.4/lib/rails/templates/rails/welcome/index.html.erb
  Rendered /Users/edwinhong/.rbenv/versions/2.5.1/lib/ruby/gems/2.5.0/gems/railties-5.2.4.4/lib/rails/templates/rails/welcome/index.html.erb (2.9ms)
Completed 200 OK in 19ms (Views: 10.5ms | ActiveRecord: 0.0ms)


Started GET "/" for ::1 at 2021-02-04 16:50:01 -0800
Processing by Rails::WelcomeController#index as HTML
  Rendering /Users/edwinhong/.rbenv/versions/2.5.1/lib/ruby/gems/2.5.0/gems/railties-5.2.4.4/lib/rails/templates/rails/welcome/index.html.erb
  Rendered /Users/edwinhong/.rbenv/versions/2.5.1/lib/ruby/gems/2.5.0/gems/railties-5.2.4.4/lib/rails/templates/rails/welcome/index.html.erb (2.1ms)
Completed 200 OK in 15ms (Views: 9.5ms | ActiveRecord: 0.0ms)


Started GET "/" for ::1 at 2021-02-04 16:52:57 -0800

ActionController::RoutingError - uninitialized constant StaticPagesController:

Started POST "/__better_errors/312a282657185787/variables" for ::1 at 2021-02-04 16:52:57 -0800
Started GET "/" for ::1 at 2021-02-04 16:55:52 -0800
Processing by StaticPagesController#root as HTML
  Rendering static_pages/root.html within layouts/application
  Rendered static_pages/root.html within layouts/application (1.4ms)
Completed 200 OK in 2093ms (Views: 2080.7ms | ActiveRecord: 0.0ms)


